[35m[Appium][39m Welcome to Appium v1.17.1
[35m[Appium][39m Non-default server args:
[35m[Appium][39m   port: 31236
[35m[Appium][39m   loglevel: info
[35m[Appium][39m   tmpDir: C:\Users\ASUS\AppData\Local\Temp\\Katalon\Appium\Temp1588820894808
[35m[Appium][39m   chromedriverPort: 31237
[35m[Appium][39m Deprecated server args:
[35m[Appium][39m   [31m--chromedriver-port[39m => --default-capabilities '{"chromedriverPort":31237}'
[35m[Appium][39m Default capabilities, which will be added to each request unless overridden by desired capabilities:
[35m[Appium][39m   chromedriverPort: 31237
[35m[Appium][39m Appium REST http interface listener started on 0.0.0.0:31236
[35m[HTTP][39m [37m-->[39m [37mGET[39m [37m/wd/hub/status[39m
[35m[HTTP][39m [90m{}[39m
[35m[HTTP][39m [37m<-- GET /wd/hub/status [39m[32m200[39m [90m4 ms - 68[39m
[35m[HTTP][39m [90m[39m
[35m[HTTP][39m [37m-->[39m [37mGET[39m [37m/wd/hub/status[39m
[35m[HTTP][39m [90m{}[39m
[35m[HTTP][39m [37m<-- GET /wd/hub/status [39m[32m200[39m [90m1 ms - 68[39m
[35m[HTTP][39m [90m[39m
[35m[HTTP][39m [37m-->[39m [37mPOST[39m [37m/wd/hub/session[39m
[35m[HTTP][39m [90m{"desiredCapabilities":{"app":"F:\\New folder (3)\\PROJECTProgmob-master\\app\\build\\outputs\\apk\\debug\\app-debug.apk","noReset":true,"deviceName":"samsung SM-N975F (Android 10)","fullReset":false,"platform":"ANDROID","newCommandTimeout":1800,"platformVersion":"10","automationName":"uiautomator2","autoGrantPermissions":true,"platformName":"Android","udid":"RR8M9002GXP","systemPort":31242},"capabilities":{"firstMatch":[{"appium:app":"F:\\New folder (3)\\PROJECTProgmob-master\\app\\build\\outputs\\apk\\debug\\app-debug.apk","appium:autoGrantPermissions":true,"appium:automationName":"uiautomator2","appium:deviceName":"samsung SM-N975F (Android 10)","appium:fullReset":false,"appium:newCommandTimeout":1800,"appium:noReset":true,"platform":"ANDROID","platformName":"android","appium:platformVersion":"10","appium:systemPort":31242,"appium:udid":"RR8M9002GXP"}]}}[39m
[35m[BaseDriver][39m The following capabilities are not standard capabilities and should have an extension prefix:
[35m[BaseDriver][39m   platform
[35m[BaseDriver][39m   chromedriverPort
[35m[Appium][39m Appium v1.17.1 creating new AndroidUiautomator2Driver (v1.44.2) session
[35m[BaseDriver][39m The following capabilities were provided, but are not recognized by Appium:
[35m[BaseDriver][39m   platform
[35m[BaseDriver][39m Session created with session id: 9fbdf81c-ddc2-43b6-bc96-b5042db382e9
[35m[BaseDriver][39m Using local app 'F:\New folder (3)\PROJECTProgmob-master\app\build\outputs\apk\debug\app-debug.apk'
[35m[ADB][39m Found 1 'build-tools' folders under 'C:\Users\ASUS\.katalon\tools\android_sdk' (newest first):
[35m[ADB][39m     C:/Users/ASUS/.katalon/tools/android_sdk/build-tools/29.0.3
[35m[ADB][39m Using 'adb.exe' from 'C:\Users\ASUS\.katalon\tools\android_sdk\platform-tools\adb.exe'
[35m[AndroidDriver][39m Retrieving device list
[35m[AndroidDriver][39m Using device: RR8M9002GXP
[35m[ADB][39m Using 'adb.exe' from 'C:\Users\ASUS\.katalon\tools\android_sdk\platform-tools\adb.exe'
[35m[ADB][39m Getting device platform version
[35m[UiAutomator2][39m Relaxing hidden api policy
[35m[ADB][39m Package name: 'com.example.project'
[35m[ADB][39m Main activity name: 'com.example.project.SplashScreenActivity'
[35m[ADB][39m Using 'apksigner.jar' from 'C:\Users\ASUS\.katalon\tools\android_sdk\build-tools\29.0.3\lib\apksigner.jar'
[35m[UiAutomator2][39m Server packages are not going to be (re)installed
[35m[UiAutomator2][39m Starting UIAutomator2 server 4.5.5
[35m[UiAutomator2][39m Using UIAutomator2 server from 'C:\Users\ASUS\AppData\Roaming\npm\node_modules\appium\node_modules\appium-uiautomator2-server\apks\appium-uiautomator2-server-v4.5.5.apk' and test from 'C:\Users\ASUS\AppData\Roaming\npm\node_modules\appium\node_modules\appium-uiautomator2-server\apks\appium-uiautomator2-server-debug-androidTest.apk'
[35m[UiAutomator2][39m Waiting up to 30000ms for UiAutomator2 to be online...
[35m[WD Proxy][39m Got response with unknown status: {"code":"ECONNRESET"}
[35m[WD Proxy][39m Determined the downstream protocol as 'W3C'
[35m[AndroidDriver][39m Screen already unlocked, doing nothing
[35m[UiAutomator2][39m Starting 'com.example.project/com.example.project.SplashScreenActivity and waiting for 'com.example.project/com.example.project.SplashScreenActivity'
[35m[Appium][39m New AndroidUiautomator2Driver session created successfully, session 9fbdf81c-ddc2-43b6-bc96-b5042db382e9 added to master session list
[35m[HTTP][39m [37m<-- POST /wd/hub/session [39m[32m200[39m [90m7329 ms - 1333[39m
[35m[HTTP][39m [90m[39m
[35m[HTTP][39m [37m-->[39m [37mGET[39m [37m/wd/hub/session/9fbdf81c-ddc2-43b6-bc96-b5042db382e9[39m
[35m[HTTP][39m [90m{}[39m
[35m[HTTP][39m [37m<-- GET /wd/hub/session/9fbdf81c-ddc2-43b6-bc96-b5042db382e9 [39m[32m200[39m [90m10 ms - 1265[39m
[35m[HTTP][39m [90m[39m
[35m[HTTP][39m [37m-->[39m [37mGET[39m [37m/wd/hub/session/9fbdf81c-ddc2-43b6-bc96-b5042db382e9[39m
[35m[HTTP][39m [90m{}[39m
[35m[HTTP][39m [37m<-- GET /wd/hub/session/9fbdf81c-ddc2-43b6-bc96-b5042db382e9 [39m[32m200[39m [90m7 ms - 1265[39m
[35m[HTTP][39m [90m[39m
[35m[HTTP][39m [37m-->[39m [37mGET[39m [37m/wd/hub/status[39m
[35m[HTTP][39m [90m{}[39m
[35m[HTTP][39m [37m<-- GET /wd/hub/status [39m[32m200[39m [90m2 ms - 68[39m
[35m[HTTP][39m [90m[39m
[35m[HTTP][39m [37m-->[39m [37mPOST[39m [37m/wd/hub/session/9fbdf81c-ddc2-43b6-bc96-b5042db382e9/timeouts[39m
[35m[HTTP][39m [90m{"implicit":60000}[39m
[35m[HTTP][39m [37m<-- POST /wd/hub/session/9fbdf81c-ddc2-43b6-bc96-b5042db382e9/timeouts [39m[32m200[39m [90m6 ms - 14[39m
[35m[HTTP][39m [90m[39m
[35m[HTTP][39m [37m-->[39m [37mGET[39m [37m/wd/hub/session/9fbdf81c-ddc2-43b6-bc96-b5042db382e9/source[39m
[35m[HTTP][39m [90m{}[39m
[35m[W3C (9fbdf81c)][39m Driver proxy active, passing request on via HTTP proxy
[35m[WD Proxy][39m Replacing sessionId 85549da6-22b3-40dd-a573-16b1dd8d84d9 with 9fbdf81c-ddc2-43b6-bc96-b5042db382e9
[35m[HTTP][39m [37m<-- GET /wd/hub/session/9fbdf81c-ddc2-43b6-bc96-b5042db382e9/source [39m[32m200[39m [90m242 ms - 3657[39m
[35m[HTTP][39m [90m[39m
[35m[HTTP][39m [37m-->[39m [37mGET[39m [37m/wd/hub/session/9fbdf81c-ddc2-43b6-bc96-b5042db382e9/screenshot[39m
[35m[HTTP][39m [90m{}[39m
[35m[HTTP][39m [37m<-- GET /wd/hub/session/9fbdf81c-ddc2-43b6-bc96-b5042db382e9/screenshot [39m[32m200[39m [90m453 ms - 501192[39m
[35m[HTTP][39m [90m[39m
[35m[HTTP][39m [37m-->[39m [37mGET[39m [37m/wd/hub/session/9fbdf81c-ddc2-43b6-bc96-b5042db382e9/window/rect[39m
[35m[HTTP][39m [90m{}[39m
[35m[HTTP][39m [37m<-- GET /wd/hub/session/9fbdf81c-ddc2-43b6-bc96-b5042db382e9/window/rect [39m[32m200[39m [90m31 ms - 50[39m
[35m[HTTP][39m [90m[39m
[35m[HTTP][39m [37m-->[39m [37mPOST[39m [37m/wd/hub/session/9fbdf81c-ddc2-43b6-bc96-b5042db382e9/elements[39m
[35m[HTTP][39m [90m{"using":"xpath","value":"//hierarchy/android.widget.FrameLayout[1]/android.widget.LinearLayout[1]/android.widget.FrameLayout[1]/android.view.ViewGroup[1]/android.widget.FrameLayout[1]/android.view.ViewGroup[1]"}[39m
[35m[HTTP][39m [37m<-- POST /wd/hub/session/9fbdf81c-ddc2-43b6-bc96-b5042db382e9/elements [39m[32m200[39m [90m134 ms - 139[39m
[35m[HTTP][39m [90m[39m
[35m[HTTP][39m [37m-->[39m [37mGET[39m [37m/wd/hub/session/9fbdf81c-ddc2-43b6-bc96-b5042db382e9/element/d76dc544-42cb-4e43-b3a3-3250efd9d7a2/location[39m
[35m[HTTP][39m [90m{}[39m
[35m[W3C (9fbdf81c)][39m Driver proxy active, passing request on via HTTP proxy
[35m[WD Proxy][39m Replacing sessionId 85549da6-22b3-40dd-a573-16b1dd8d84d9 with 9fbdf81c-ddc2-43b6-bc96-b5042db382e9
[35m[HTTP][39m [37m<-- GET /wd/hub/session/9fbdf81c-ddc2-43b6-bc96-b5042db382e9/element/d76dc544-42cb-4e43-b3a3-3250efd9d7a2/location [39m[32m200[39m [90m24 ms - 75[39m
[35m[HTTP][39m [90m[39m
[35m[HTTP][39m [37m-->[39m [37mPOST[39m [37m/wd/hub/session/9fbdf81c-ddc2-43b6-bc96-b5042db382e9/touch/perform[39m
[35m[HTTP][39m [90m{"actions":[{"action":"tap","options":{"x":1,"y":1,"element":"d76dc544-42cb-4e43-b3a3-3250efd9d7a2"}}]}[39m
[35m[UiAutomator2][39m calling get location: d76dc544-42cb-4e43-b3a3-3250efd9d7a2
[35m[HTTP][39m [37m<-- POST /wd/hub/session/9fbdf81c-ddc2-43b6-bc96-b5042db382e9/touch/perform [39m[32m200[39m [90m112 ms - 14[39m
[35m[HTTP][39m [90m[39m
[35m[HTTP][39m [37m-->[39m [37mGET[39m [37m/wd/hub/session/9fbdf81c-ddc2-43b6-bc96-b5042db382e9/source[39m
[35m[HTTP][39m [90m{}[39m
[35m[W3C (9fbdf81c)][39m Driver proxy active, passing request on via HTTP proxy
[35m[WD Proxy][39m Replacing sessionId 85549da6-22b3-40dd-a573-16b1dd8d84d9 with 9fbdf81c-ddc2-43b6-bc96-b5042db382e9
[35m[HTTP][39m [37m<-- GET /wd/hub/session/9fbdf81c-ddc2-43b6-bc96-b5042db382e9/source [39m[32m200[39m [90m107 ms - 4520[39m
[35m[HTTP][39m [90m[39m
[35m[HTTP][39m [37m-->[39m [37mGET[39m [37m/wd/hub/session/9fbdf81c-ddc2-43b6-bc96-b5042db382e9/screenshot[39m
[35m[HTTP][39m [90m{}[39m
[35m[HTTP][39m [37m<-- GET /wd/hub/session/9fbdf81c-ddc2-43b6-bc96-b5042db382e9/screenshot [39m[32m200[39m [90m461 ms - 596586[39m
[35m[HTTP][39m [90m[39m
[35m[HTTP][39m [37m-->[39m [37mGET[39m [37m/wd/hub/session/9fbdf81c-ddc2-43b6-bc96-b5042db382e9/window/rect[39m
[35m[HTTP][39m [90m{}[39m
[35m[HTTP][39m [37m<-- GET /wd/hub/session/9fbdf81c-ddc2-43b6-bc96-b5042db382e9/window/rect [39m[32m200[39m [90m19 ms - 50[39m
[35m[HTTP][39m [90m[39m
[35m[HTTP][39m [37m-->[39m [37mPOST[39m [37m/wd/hub/session/9fbdf81c-ddc2-43b6-bc96-b5042db382e9/elements[39m
[35m[HTTP][39m [90m{"using":"xpath","value":"//hierarchy/android.widget.FrameLayout[1]/android.widget.LinearLayout[1]/android.widget.FrameLayout[1]/android.view.ViewGroup[1]/android.widget.FrameLayout[1]/android.view.ViewGroup[1]/android.widget.EditText[1]"}[39m
[35m[HTTP][39m [37m<-- POST /wd/hub/session/9fbdf81c-ddc2-43b6-bc96-b5042db382e9/elements [39m[32m200[39m [90m332 ms - 139[39m
[35m[HTTP][39m [90m[39m
[35m[HTTP][39m [37m-->[39m [37mGET[39m [37m/wd/hub/session/9fbdf81c-ddc2-43b6-bc96-b5042db382e9/element/93ff5fb0-a115-4fd8-9a9f-1f5871a26a11/location[39m
[35m[HTTP][39m [90m{}[39m
[35m[W3C (9fbdf81c)][39m Driver proxy active, passing request on via HTTP proxy
[35m[WD Proxy][39m Replacing sessionId 85549da6-22b3-40dd-a573-16b1dd8d84d9 with 9fbdf81c-ddc2-43b6-bc96-b5042db382e9
[35m[HTTP][39m [37m<-- GET /wd/hub/session/9fbdf81c-ddc2-43b6-bc96-b5042db382e9/element/93ff5fb0-a115-4fd8-9a9f-1f5871a26a11/location [39m[32m200[39m [90m26 ms - 79[39m
[35m[HTTP][39m [90m[39m
[35m[HTTP][39m [37m-->[39m [37mPOST[39m [37m/wd/hub/session/9fbdf81c-ddc2-43b6-bc96-b5042db382e9/element/93ff5fb0-a115-4fd8-9a9f-1f5871a26a11/clear[39m
[35m[HTTP][39m [90m{"id":"93ff5fb0-a115-4fd8-9a9f-1f5871a26a11"}[39m
[35m[HTTP][39m [37m<-- POST /wd/hub/session/9fbdf81c-ddc2-43b6-bc96-b5042db382e9/element/93ff5fb0-a115-4fd8-9a9f-1f5871a26a11/clear [39m[32m200[39m [90m51 ms - 14[39m
[35m[HTTP][39m [90m[39m
[35m[HTTP][39m [37m-->[39m [37mGET[39m [37m/wd/hub/session/9fbdf81c-ddc2-43b6-bc96-b5042db382e9/source[39m
[35m[HTTP][39m [90m{}[39m
[35m[W3C (9fbdf81c)][39m Driver proxy active, passing request on via HTTP proxy
[35m[WD Proxy][39m Replacing sessionId 85549da6-22b3-40dd-a573-16b1dd8d84d9 with 9fbdf81c-ddc2-43b6-bc96-b5042db382e9
[35m[HTTP][39m [37m<-- GET /wd/hub/session/9fbdf81c-ddc2-43b6-bc96-b5042db382e9/source [39m[32m200[39m [90m74 ms - 4515[39m
[35m[HTTP][39m [90m[39m
[35m[HTTP][39m [37m-->[39m [37mGET[39m [37m/wd/hub/session/9fbdf81c-ddc2-43b6-bc96-b5042db382e9/screenshot[39m
[35m[HTTP][39m [90m{}[39m
[35m[HTTP][39m [37m<-- GET /wd/hub/session/9fbdf81c-ddc2-43b6-bc96-b5042db382e9/screenshot [39m[32m200[39m [90m504 ms - 591716[39m
[35m[HTTP][39m [90m[39m
[35m[HTTP][39m [37m-->[39m [37mGET[39m [37m/wd/hub/session/9fbdf81c-ddc2-43b6-bc96-b5042db382e9/window/rect[39m
[35m[HTTP][39m [90m{}[39m
[35m[HTTP][39m [37m<-- GET /wd/hub/session/9fbdf81c-ddc2-43b6-bc96-b5042db382e9/window/rect [39m[32m200[39m [90m19 ms - 50[39m
[35m[HTTP][39m [90m[39m
[35m[HTTP][39m [37m-->[39m [37mPOST[39m [37m/wd/hub/session/9fbdf81c-ddc2-43b6-bc96-b5042db382e9/elements[39m
[35m[HTTP][39m [90m{"using":"xpath","value":"//hierarchy/android.widget.FrameLayout[1]/android.widget.LinearLayout[1]/android.widget.FrameLayout[1]/android.view.ViewGroup[1]/android.widget.FrameLayout[1]/android.view.ViewGroup[1]/android.widget.EditText[1]"}[39m
[35m[HTTP][39m [37m<-- POST /wd/hub/session/9fbdf81c-ddc2-43b6-bc96-b5042db382e9/elements [39m[32m200[39m [90m71 ms - 139[39m
[35m[HTTP][39m [90m[39m
[35m[HTTP][39m [37m-->[39m [37mGET[39m [37m/wd/hub/session/9fbdf81c-ddc2-43b6-bc96-b5042db382e9/element/b4023041-9b9a-49b6-922f-918fefdae801/location[39m
[35m[HTTP][39m [90m{}[39m
[35m[W3C (9fbdf81c)][39m Driver proxy active, passing request on via HTTP proxy
[35m[WD Proxy][39m Replacing sessionId 85549da6-22b3-40dd-a573-16b1dd8d84d9 with 9fbdf81c-ddc2-43b6-bc96-b5042db382e9
[35m[HTTP][39m [37m<-- GET /wd/hub/session/9fbdf81c-ddc2-43b6-bc96-b5042db382e9/element/b4023041-9b9a-49b6-922f-918fefdae801/location [39m[32m200[39m [90m30 ms - 79[39m
[35m[HTTP][39m [90m[39m
[35m[HTTP][39m [37m-->[39m [37mPOST[39m [37m/wd/hub/session/9fbdf81c-ddc2-43b6-bc96-b5042db382e9/element/b4023041-9b9a-49b6-922f-918fefdae801/clear[39m
[35m[HTTP][39m [90m{"id":"b4023041-9b9a-49b6-922f-918fefdae801"}[39m
[35m[HTTP][39m [37m<-- POST /wd/hub/session/9fbdf81c-ddc2-43b6-bc96-b5042db382e9/element/b4023041-9b9a-49b6-922f-918fefdae801/clear [39m[32m200[39m [90m47 ms - 14[39m
[35m[HTTP][39m [90m[39m
[35m[HTTP][39m [37m-->[39m [37mPOST[39m [37m/wd/hub/session/9fbdf81c-ddc2-43b6-bc96-b5042db382e9/element/b4023041-9b9a-49b6-922f-918fefdae801/value[39m
[35m[HTTP][39m [90m{"id":"b4023041-9b9a-49b6-922f-918fefdae801","text":"argo@staff.ukdw.ac.id","value":["a","r","g","o","@","s","t","a","f","f",".","u","k","d","w",".","a","c",".","i","d"]}[39m
[35m[HTTP][39m [37m<-- POST /wd/hub/session/9fbdf81c-ddc2-43b6-bc96-b5042db382e9/element/b4023041-9b9a-49b6-922f-918fefdae801/value [39m[32m200[39m [90m669 ms - 14[39m
[35m[HTTP][39m [90m[39m
[35m[HTTP][39m [37m-->[39m [37mGET[39m [37m/wd/hub/session/9fbdf81c-ddc2-43b6-bc96-b5042db382e9/source[39m
[35m[HTTP][39m [90m{}[39m
[35m[W3C (9fbdf81c)][39m Driver proxy active, passing request on via HTTP proxy
[35m[WD Proxy][39m Replacing sessionId 85549da6-22b3-40dd-a573-16b1dd8d84d9 with 9fbdf81c-ddc2-43b6-bc96-b5042db382e9
[35m[HTTP][39m [37m<-- GET /wd/hub/session/9fbdf81c-ddc2-43b6-bc96-b5042db382e9/source [39m[32m200[39m [90m346 ms - 4536[39m
[35m[HTTP][39m [90m[39m
[35m[HTTP][39m [37m-->[39m [37mGET[39m [37m/wd/hub/session/9fbdf81c-ddc2-43b6-bc96-b5042db382e9/screenshot[39m
[35m[HTTP][39m [90m{}[39m
[35m[HTTP][39m [37m<-- GET /wd/hub/session/9fbdf81c-ddc2-43b6-bc96-b5042db382e9/screenshot [39m[32m200[39m [90m509 ms - 605444[39m
[35m[HTTP][39m [90m[39m
[35m[HTTP][39m [37m-->[39m [37mGET[39m [37m/wd/hub/session/9fbdf81c-ddc2-43b6-bc96-b5042db382e9/window/rect[39m
[35m[HTTP][39m [90m{}[39m
[35m[HTTP][39m [37m<-- GET /wd/hub/session/9fbdf81c-ddc2-43b6-bc96-b5042db382e9/window/rect [39m[32m200[39m [90m17 ms - 50[39m
[35m[HTTP][39m [90m[39m
[35m[HTTP][39m [37m-->[39m [37mPOST[39m [37m/wd/hub/session/9fbdf81c-ddc2-43b6-bc96-b5042db382e9/elements[39m
[35m[HTTP][39m [90m{"using":"xpath","value":"//hierarchy/android.widget.FrameLayout[1]/android.widget.LinearLayout[1]/android.widget.FrameLayout[1]/android.view.ViewGroup[1]/android.widget.FrameLayout[1]/android.view.ViewGroup[1]/android.widget.EditText[2]"}[39m
[35m[HTTP][39m [37m<-- POST /wd/hub/session/9fbdf81c-ddc2-43b6-bc96-b5042db382e9/elements [39m[32m200[39m [90m68 ms - 139[39m
[35m[HTTP][39m [90m[39m
[35m[HTTP][39m [37m-->[39m [37mGET[39m [37m/wd/hub/session/9fbdf81c-ddc2-43b6-bc96-b5042db382e9/element/d466aea3-6b98-43b0-b495-10dba5ae781c/location[39m
[35m[HTTP][39m [90m{}[39m
[35m[W3C (9fbdf81c)][39m Driver proxy active, passing request on via HTTP proxy
[35m[WD Proxy][39m Replacing sessionId 85549da6-22b3-40dd-a573-16b1dd8d84d9 with 9fbdf81c-ddc2-43b6-bc96-b5042db382e9
[35m[HTTP][39m [37m<-- GET /wd/hub/session/9fbdf81c-ddc2-43b6-bc96-b5042db382e9/element/d466aea3-6b98-43b0-b495-10dba5ae781c/location [39m[32m200[39m [90m23 ms - 79[39m
[35m[HTTP][39m [90m[39m
[35m[HTTP][39m [37m-->[39m [37mPOST[39m [37m/wd/hub/session/9fbdf81c-ddc2-43b6-bc96-b5042db382e9/element/d466aea3-6b98-43b0-b495-10dba5ae781c/clear[39m
[35m[HTTP][39m [90m{"id":"d466aea3-6b98-43b0-b495-10dba5ae781c"}[39m
[35m[HTTP][39m [37m<-- POST /wd/hub/session/9fbdf81c-ddc2-43b6-bc96-b5042db382e9/element/d466aea3-6b98-43b0-b495-10dba5ae781c/clear [39m[32m200[39m [90m27 ms - 14[39m
[35m[HTTP][39m [90m[39m
[35m[HTTP][39m [37m-->[39m [37mGET[39m [37m/wd/hub/session/9fbdf81c-ddc2-43b6-bc96-b5042db382e9/source[39m
[35m[HTTP][39m [90m{}[39m
[35m[W3C (9fbdf81c)][39m Driver proxy active, passing request on via HTTP proxy
[35m[WD Proxy][39m Replacing sessionId 85549da6-22b3-40dd-a573-16b1dd8d84d9 with 9fbdf81c-ddc2-43b6-bc96-b5042db382e9
[35m[HTTP][39m [37m<-- GET /wd/hub/session/9fbdf81c-ddc2-43b6-bc96-b5042db382e9/source [39m[32m200[39m [90m54 ms - 4528[39m
[35m[HTTP][39m [90m[39m
[35m[HTTP][39m [37m-->[39m [37mGET[39m [37m/wd/hub/session/9fbdf81c-ddc2-43b6-bc96-b5042db382e9/screenshot[39m
[35m[HTTP][39m [90m{}[39m
[35m[HTTP][39m [37m<-- GET /wd/hub/session/9fbdf81c-ddc2-43b6-bc96-b5042db382e9/screenshot [39m[32m200[39m [90m506 ms - 598170[39m
[35m[HTTP][39m [90m[39m
[35m[HTTP][39m [37m-->[39m [37mGET[39m [37m/wd/hub/session/9fbdf81c-ddc2-43b6-bc96-b5042db382e9/window/rect[39m
[35m[HTTP][39m [90m{}[39m
[35m[HTTP][39m [37m<-- GET /wd/hub/session/9fbdf81c-ddc2-43b6-bc96-b5042db382e9/window/rect [39m[32m200[39m [90m19 ms - 50[39m
[35m[HTTP][39m [90m[39m
[35m[HTTP][39m [37m-->[39m [37mPOST[39m [37m/wd/hub/session/9fbdf81c-ddc2-43b6-bc96-b5042db382e9/elements[39m
[35m[HTTP][39m [90m{"using":"xpath","value":"//hierarchy/android.widget.FrameLayout[1]/android.widget.LinearLayout[1]/android.widget.FrameLayout[1]/android.view.ViewGroup[1]/android.widget.FrameLayout[1]/android.view.ViewGroup[1]/android.widget.EditText[2]"}[39m
[35m[HTTP][39m [37m<-- POST /wd/hub/session/9fbdf81c-ddc2-43b6-bc96-b5042db382e9/elements [39m[32m200[39m [90m76 ms - 139[39m
[35m[HTTP][39m [90m[39m
[35m[HTTP][39m [37m-->[39m [37mGET[39m [37m/wd/hub/session/9fbdf81c-ddc2-43b6-bc96-b5042db382e9/element/a27d5eab-364f-4932-8bca-d7415c094018/location[39m
[35m[HTTP][39m [90m{}[39m
[35m[W3C (9fbdf81c)][39m Driver proxy active, passing request on via HTTP proxy
[35m[WD Proxy][39m Replacing sessionId 85549da6-22b3-40dd-a573-16b1dd8d84d9 with 9fbdf81c-ddc2-43b6-bc96-b5042db382e9
[35m[HTTP][39m [37m<-- GET /wd/hub/session/9fbdf81c-ddc2-43b6-bc96-b5042db382e9/element/a27d5eab-364f-4932-8bca-d7415c094018/location [39m[32m200[39m [90m20 ms - 79[39m
[35m[HTTP][39m [90m[39m
[35m[HTTP][39m [37m-->[39m [37mPOST[39m [37m/wd/hub/session/9fbdf81c-ddc2-43b6-bc96-b5042db382e9/element/a27d5eab-364f-4932-8bca-d7415c094018/clear[39m
[35m[HTTP][39m [90m{"id":"a27d5eab-364f-4932-8bca-d7415c094018"}[39m
[35m[HTTP][39m [37m<-- POST /wd/hub/session/9fbdf81c-ddc2-43b6-bc96-b5042db382e9/element/a27d5eab-364f-4932-8bca-d7415c094018/clear [39m[32m200[39m [90m27 ms - 14[39m
[35m[HTTP][39m [90m[39m
[35m[HTTP][39m [37m-->[39m [37mPOST[39m [37m/wd/hub/session/9fbdf81c-ddc2-43b6-bc96-b5042db382e9/element/a27d5eab-364f-4932-8bca-d7415c094018/value[39m
[35m[HTTP][39m [90m{"id":"a27d5eab-364f-4932-8bca-d7415c094018","text":"admin","value":["a","d","m","i","n"]}[39m
[35m[HTTP][39m [37m<-- POST /wd/hub/session/9fbdf81c-ddc2-43b6-bc96-b5042db382e9/element/a27d5eab-364f-4932-8bca-d7415c094018/value [39m[32m200[39m [90m511 ms - 14[39m
[35m[HTTP][39m [90m[39m
[35m[HTTP][39m [37m-->[39m [37mGET[39m [37m/wd/hub/session/9fbdf81c-ddc2-43b6-bc96-b5042db382e9/source[39m
[35m[HTTP][39m [90m{}[39m
[35m[W3C (9fbdf81c)][39m Driver proxy active, passing request on via HTTP proxy
[35m[WD Proxy][39m Replacing sessionId 85549da6-22b3-40dd-a573-16b1dd8d84d9 with 9fbdf81c-ddc2-43b6-bc96-b5042db382e9
[35m[HTTP][39m [37m<-- GET /wd/hub/session/9fbdf81c-ddc2-43b6-bc96-b5042db382e9/source [39m[32m200[39m [90m52 ms - 4533[39m
[35m[HTTP][39m [90m[39m
[35m[HTTP][39m [37m-->[39m [37mGET[39m [37m/wd/hub/session/9fbdf81c-ddc2-43b6-bc96-b5042db382e9/screenshot[39m
[35m[HTTP][39m [90m{}[39m
[35m[HTTP][39m [37m<-- GET /wd/hub/session/9fbdf81c-ddc2-43b6-bc96-b5042db382e9/screenshot [39m[32m200[39m [90m472 ms - 601906[39m
[35m[HTTP][39m [90m[39m
[35m[HTTP][39m [37m-->[39m [37mGET[39m [37m/wd/hub/session/9fbdf81c-ddc2-43b6-bc96-b5042db382e9/context[39m
[35m[HTTP][39m [90m{}[39m
[35m[HTTP][39m [37m<-- GET /wd/hub/session/9fbdf81c-ddc2-43b6-bc96-b5042db382e9/context [39m[32m200[39m [90m2 ms - 22[39m
[35m[HTTP][39m [90m[39m
[35m[HTTP][39m [37m-->[39m [37mGET[39m [37m/wd/hub/session/9fbdf81c-ddc2-43b6-bc96-b5042db382e9/contexts[39m
[35m[HTTP][39m [90m{}[39m
[35m[AndroidDriver][39m Not checking whether webviews have active pages; use the 'ensureWebviewsHavePages' cap to turn this check on
[35m[HTTP][39m [37m<-- GET /wd/hub/session/9fbdf81c-ddc2-43b6-bc96-b5042db382e9/contexts [39m[32m200[39m [90m66 ms - 24[39m
[35m[HTTP][39m [90m[39m
[35m[HTTP][39m [37m-->[39m [37mPOST[39m [37m/wd/hub/session/9fbdf81c-ddc2-43b6-bc96-b5042db382e9/context[39m
[35m[HTTP][39m [90m{"name":"NATIVE_APP"}[39m
[35m[HTTP][39m [37m<-- POST /wd/hub/session/9fbdf81c-ddc2-43b6-bc96-b5042db382e9/context [39m[32m200[39m [90m1 ms - 14[39m
[35m[HTTP][39m [90m[39m
[35m[HTTP][39m [37m-->[39m [37mPOST[39m [37m/wd/hub/session/9fbdf81c-ddc2-43b6-bc96-b5042db382e9/appium/device/hide_keyboard[39m
[35m[HTTP][39m [90m{}[39m
[35m[HTTP][39m [37m<-- POST /wd/hub/session/9fbdf81c-ddc2-43b6-bc96-b5042db382e9/appium/device/hide_keyboard [39m[32m200[39m [90m680 ms - 14[39m
[35m[HTTP][39m [90m[39m
[35m[HTTP][39m [37m-->[39m [37mPOST[39m [37m/wd/hub/session/9fbdf81c-ddc2-43b6-bc96-b5042db382e9/context[39m
[35m[HTTP][39m [90m{"name":"NATIVE_APP"}[39m
[35m[HTTP][39m [37m<-- POST /wd/hub/session/9fbdf81c-ddc2-43b6-bc96-b5042db382e9/context [39m[32m200[39m [90m2 ms - 14[39m
[35m[HTTP][39m [90m[39m
[35m[HTTP][39m [37m-->[39m [37mGET[39m [37m/wd/hub/session/9fbdf81c-ddc2-43b6-bc96-b5042db382e9/source[39m
[35m[HTTP][39m [90m{}[39m
[35m[W3C (9fbdf81c)][39m Driver proxy active, passing request on via HTTP proxy
[35m[WD Proxy][39m Replacing sessionId 85549da6-22b3-40dd-a573-16b1dd8d84d9 with 9fbdf81c-ddc2-43b6-bc96-b5042db382e9
[35m[HTTP][39m [37m<-- GET /wd/hub/session/9fbdf81c-ddc2-43b6-bc96-b5042db382e9/source [39m[32m200[39m [90m56 ms - 4964[39m
[35m[HTTP][39m [90m[39m
[35m[HTTP][39m [37m-->[39m [37mGET[39m [37m/wd/hub/session/9fbdf81c-ddc2-43b6-bc96-b5042db382e9/screenshot[39m
[35m[HTTP][39m [90m{}[39m
[35m[HTTP][39m [37m<-- GET /wd/hub/session/9fbdf81c-ddc2-43b6-bc96-b5042db382e9/screenshot [39m[32m200[39m [90m482 ms - 526110[39m
[35m[HTTP][39m [90m[39m
[35m[HTTP][39m [37m-->[39m [37mGET[39m [37m/wd/hub/session/9fbdf81c-ddc2-43b6-bc96-b5042db382e9/window/rect[39m
[35m[HTTP][39m [90m{}[39m
[35m[HTTP][39m [37m<-- GET /wd/hub/session/9fbdf81c-ddc2-43b6-bc96-b5042db382e9/window/rect [39m[32m200[39m [90m17 ms - 50[39m
[35m[HTTP][39m [90m[39m
[35m[HTTP][39m [37m-->[39m [37mPOST[39m [37m/wd/hub/session/9fbdf81c-ddc2-43b6-bc96-b5042db382e9/elements[39m
[35m[HTTP][39m [90m{"using":"xpath","value":"//hierarchy/android.widget.FrameLayout[1]/android.widget.LinearLayout[1]/android.widget.FrameLayout[1]/android.view.ViewGroup[1]/android.widget.FrameLayout[1]/android.view.ViewGroup[1]/android.widget.Button[1]"}[39m
[35m[HTTP][39m [37m<-- POST /wd/hub/session/9fbdf81c-ddc2-43b6-bc96-b5042db382e9/elements [39m[32m200[39m [90m69 ms - 139[39m
[35m[HTTP][39m [90m[39m
[35m[HTTP][39m [37m-->[39m [37mGET[39m [37m/wd/hub/session/9fbdf81c-ddc2-43b6-bc96-b5042db382e9/element/3e658913-261b-41b5-b8f9-13975040a8e5/location[39m
[35m[HTTP][39m [90m{}[39m
[35m[W3C (9fbdf81c)][39m Driver proxy active, passing request on via HTTP proxy
[35m[WD Proxy][39m Replacing sessionId 85549da6-22b3-40dd-a573-16b1dd8d84d9 with 9fbdf81c-ddc2-43b6-bc96-b5042db382e9
[35m[HTTP][39m [37m<-- GET /wd/hub/session/9fbdf81c-ddc2-43b6-bc96-b5042db382e9/element/3e658913-261b-41b5-b8f9-13975040a8e5/location [39m[32m200[39m [90m19 ms - 79[39m
[35m[HTTP][39m [90m[39m
[35m[HTTP][39m [37m-->[39m [37mPOST[39m [37m/wd/hub/session/9fbdf81c-ddc2-43b6-bc96-b5042db382e9/touch/perform[39m
[35m[HTTP][39m [90m{"actions":[{"action":"tap","options":{"x":1,"y":1,"element":"3e658913-261b-41b5-b8f9-13975040a8e5"}}]}[39m
[35m[UiAutomator2][39m calling get location: 3e658913-261b-41b5-b8f9-13975040a8e5
[35m[HTTP][39m [37m<-- POST /wd/hub/session/9fbdf81c-ddc2-43b6-bc96-b5042db382e9/touch/perform [39m[32m200[39m [90m64 ms - 14[39m
[35m[HTTP][39m [90m[39m
[35m[HTTP][39m [37m-->[39m [37mGET[39m [37m/wd/hub/session/9fbdf81c-ddc2-43b6-bc96-b5042db382e9/source[39m
[35m[HTTP][39m [90m{}[39m
[35m[W3C (9fbdf81c)][39m Driver proxy active, passing request on via HTTP proxy
[35m[WD Proxy][39m Replacing sessionId 85549da6-22b3-40dd-a573-16b1dd8d84d9 with 9fbdf81c-ddc2-43b6-bc96-b5042db382e9
[35m[HTTP][39m [37m<-- GET /wd/hub/session/9fbdf81c-ddc2-43b6-bc96-b5042db382e9/source [39m[32m200[39m [90m179 ms - 9485[39m
[35m[HTTP][39m [90m[39m
[35m[HTTP][39m [37m-->[39m [37mGET[39m [37m/wd/hub/session/9fbdf81c-ddc2-43b6-bc96-b5042db382e9/screenshot[39m
[35m[HTTP][39m [90m{}[39m
[35m[HTTP][39m [37m<-- GET /wd/hub/session/9fbdf81c-ddc2-43b6-bc96-b5042db382e9/screenshot [39m[32m200[39m [90m378 ms - 147424[39m
[35m[HTTP][39m [90m[39m
[35m[HTTP][39m [37m-->[39m [37mGET[39m [37m/wd/hub/session/9fbdf81c-ddc2-43b6-bc96-b5042db382e9/window/rect[39m
[35m[HTTP][39m [90m{}[39m
[35m[HTTP][39m [37m<-- GET /wd/hub/session/9fbdf81c-ddc2-43b6-bc96-b5042db382e9/window/rect [39m[32m200[39m [90m16 ms - 50[39m
[35m[HTTP][39m [90m[39m
[35m[HTTP][39m [37m-->[39m [37mPOST[39m [37m/wd/hub/session/9fbdf81c-ddc2-43b6-bc96-b5042db382e9/elements[39m
[35m[HTTP][39m [90m{"using":"xpath","value":"//hierarchy/android.widget.FrameLayout[1]/android.widget.LinearLayout[1]/android.widget.FrameLayout[1]/android.view.ViewGroup[1]/android.widget.FrameLayout[2]/android.view.ViewGroup[1]/android.widget.ImageButton[3]"}[39m
[35m[HTTP][39m [37m<-- POST /wd/hub/session/9fbdf81c-ddc2-43b6-bc96-b5042db382e9/elements [39m[32m200[39m [90m101 ms - 139[39m
[35m[HTTP][39m [90m[39m
[35m[HTTP][39m [37m-->[39m [37mGET[39m [37m/wd/hub/session/9fbdf81c-ddc2-43b6-bc96-b5042db382e9/element/2f768362-485e-4946-a79b-6159eca345bc/location[39m
[35m[HTTP][39m [90m{}[39m
[35m[W3C (9fbdf81c)][39m Driver proxy active, passing request on via HTTP proxy
[35m[WD Proxy][39m Replacing sessionId 85549da6-22b3-40dd-a573-16b1dd8d84d9 with 9fbdf81c-ddc2-43b6-bc96-b5042db382e9
[35m[HTTP][39m [37m<-- GET /wd/hub/session/9fbdf81c-ddc2-43b6-bc96-b5042db382e9/element/2f768362-485e-4946-a79b-6159eca345bc/location [39m[32m200[39m [90m20 ms - 78[39m
[35m[HTTP][39m [90m[39m
[35m[HTTP][39m [37m-->[39m [37mPOST[39m [37m/wd/hub/session/9fbdf81c-ddc2-43b6-bc96-b5042db382e9/touch/perform[39m
[35m[HTTP][39m [90m{"actions":[{"action":"tap","options":{"x":1,"y":1,"element":"2f768362-485e-4946-a79b-6159eca345bc"}}]}[39m
[35m[UiAutomator2][39m calling get location: 2f768362-485e-4946-a79b-6159eca345bc
[35m[HTTP][39m [37m<-- POST /wd/hub/session/9fbdf81c-ddc2-43b6-bc96-b5042db382e9/touch/perform [39m[32m200[39m [90m69 ms - 14[39m
[35m[HTTP][39m [90m[39m
[35m[HTTP][39m [37m-->[39m [37mGET[39m [37m/wd/hub/session/9fbdf81c-ddc2-43b6-bc96-b5042db382e9/source[39m
[35m[HTTP][39m [90m{}[39m
[35m[W3C (9fbdf81c)][39m Driver proxy active, passing request on via HTTP proxy
[35m[WD Proxy][39m Replacing sessionId 85549da6-22b3-40dd-a573-16b1dd8d84d9 with 9fbdf81c-ddc2-43b6-bc96-b5042db382e9
[35m[HTTP][39m [37m<-- GET /wd/hub/session/9fbdf81c-ddc2-43b6-bc96-b5042db382e9/source [39m[32m200[39m [90m231 ms - 18120[39m
[35m[HTTP][39m [90m[39m
[35m[HTTP][39m [37m-->[39m [37mGET[39m [37m/wd/hub/session/9fbdf81c-ddc2-43b6-bc96-b5042db382e9/screenshot[39m
[35m[HTTP][39m [90m{}[39m
[35m[HTTP][39m [37m<-- GET /wd/hub/session/9fbdf81c-ddc2-43b6-bc96-b5042db382e9/screenshot [39m[32m200[39m [90m374 ms - 137182[39m
[35m[HTTP][39m [90m[39m
[35m[HTTP][39m [37m-->[39m [37mGET[39m [37m/wd/hub/session/9fbdf81c-ddc2-43b6-bc96-b5042db382e9/window/rect[39m
[35m[HTTP][39m [90m{}[39m
[35m[HTTP][39m [37m<-- GET /wd/hub/session/9fbdf81c-ddc2-43b6-bc96-b5042db382e9/window/rect [39m[32m200[39m [90m17 ms - 50[39m
[35m[HTTP][39m [90m[39m
[35m[HTTP][39m [37m-->[39m [37mPOST[39m [37m/wd/hub/session/9fbdf81c-ddc2-43b6-bc96-b5042db382e9/elements[39m
[35m[HTTP][39m [90m{"using":"xpath","value":"//hierarchy/android.widget.FrameLayout[1]/android.widget.LinearLayout[1]/android.widget.FrameLayout[1]/android.view.ViewGroup[1]/android.widget.FrameLayout[1]/android.view.ViewGroup[1]/androidx.appcompat.widget.LinearLayoutCompat[1]/android.widget.ImageView[1]"}[39m
[35m[HTTP][39m [37m<-- POST /wd/hub/session/9fbdf81c-ddc2-43b6-bc96-b5042db382e9/elements [39m[32m200[39m [90m145 ms - 139[39m
[35m[HTTP][39m [90m[39m
[35m[HTTP][39m [37m-->[39m [37mGET[39m [37m/wd/hub/session/9fbdf81c-ddc2-43b6-bc96-b5042db382e9/element/0eb6312a-8455-472e-a08d-20f3f7929fd6/location[39m
[35m[HTTP][39m [90m{}[39m
[35m[W3C (9fbdf81c)][39m Driver proxy active, passing request on via HTTP proxy
[35m[WD Proxy][39m Replacing sessionId 85549da6-22b3-40dd-a573-16b1dd8d84d9 with 9fbdf81c-ddc2-43b6-bc96-b5042db382e9
[35m[HTTP][39m [37m<-- GET /wd/hub/session/9fbdf81c-ddc2-43b6-bc96-b5042db382e9/element/0eb6312a-8455-472e-a08d-20f3f7929fd6/location [39m[32m200[39m [90m18 ms - 77[39m
[35m[HTTP][39m [90m[39m
[35m[HTTP][39m [37m-->[39m [37mPOST[39m [37m/wd/hub/session/9fbdf81c-ddc2-43b6-bc96-b5042db382e9/touch/perform[39m
[35m[HTTP][39m [90m{"actions":[{"action":"tap","options":{"x":1,"y":1,"element":"0eb6312a-8455-472e-a08d-20f3f7929fd6"}}]}[39m
[35m[UiAutomator2][39m calling get location: 0eb6312a-8455-472e-a08d-20f3f7929fd6
[35m[HTTP][39m [37m<-- POST /wd/hub/session/9fbdf81c-ddc2-43b6-bc96-b5042db382e9/touch/perform [39m[32m200[39m [90m100 ms - 14[39m
[35m[HTTP][39m [90m[39m
[35m[HTTP][39m [37m-->[39m [37mGET[39m [37m/wd/hub/session/9fbdf81c-ddc2-43b6-bc96-b5042db382e9/source[39m
[35m[HTTP][39m [90m{}[39m
[35m[W3C (9fbdf81c)][39m Driver proxy active, passing request on via HTTP proxy
[35m[WD Proxy][39m Replacing sessionId 85549da6-22b3-40dd-a573-16b1dd8d84d9 with 9fbdf81c-ddc2-43b6-bc96-b5042db382e9
[35m[HTTP][39m [37m<-- GET /wd/hub/session/9fbdf81c-ddc2-43b6-bc96-b5042db382e9/source [39m[32m200[39m [90m313 ms - 3207[39m
[35m[HTTP][39m [90m[39m
[35m[HTTP][39m [37m-->[39m [37mGET[39m [37m/wd/hub/session/9fbdf81c-ddc2-43b6-bc96-b5042db382e9/screenshot[39m
[35m[HTTP][39m [90m{}[39m
[35m[HTTP][39m [37m<-- GET /wd/hub/session/9fbdf81c-ddc2-43b6-bc96-b5042db382e9/screenshot [39m[32m200[39m [90m358 ms - 141460[39m
[35m[HTTP][39m [90m[39m
[35m[HTTP][39m [37m-->[39m [37mGET[39m [37m/wd/hub/session/9fbdf81c-ddc2-43b6-bc96-b5042db382e9/window/rect[39m
[35m[HTTP][39m [90m{}[39m
[35m[HTTP][39m [37m<-- GET /wd/hub/session/9fbdf81c-ddc2-43b6-bc96-b5042db382e9/window/rect [39m[32m200[39m [90m16 ms - 50[39m
[35m[HTTP][39m [90m[39m
[35m[HTTP][39m [37m-->[39m [37mPOST[39m [37m/wd/hub/session/9fbdf81c-ddc2-43b6-bc96-b5042db382e9/elements[39m
[35m[HTTP][39m [90m{"using":"xpath","value":"//hierarchy/android.widget.FrameLayout[1]/android.widget.FrameLayout[1]/android.widget.ListView[1]/android.widget.LinearLayout[1]/android.widget.LinearLayout[1]/android.widget.RelativeLayout[1]/android.widget.TextView[1]"}[39m
[35m[HTTP][39m [37m<-- POST /wd/hub/session/9fbdf81c-ddc2-43b6-bc96-b5042db382e9/elements [39m[32m200[39m [90m149 ms - 139[39m
[35m[HTTP][39m [90m[39m
[35m[HTTP][39m [37m-->[39m [37mGET[39m [37m/wd/hub/session/9fbdf81c-ddc2-43b6-bc96-b5042db382e9/element/d4d3f497-faab-4546-91c0-a8adb310167c/location[39m
[35m[HTTP][39m [90m{}[39m
[35m[W3C (9fbdf81c)][39m Driver proxy active, passing request on via HTTP proxy
[35m[WD Proxy][39m Replacing sessionId 85549da6-22b3-40dd-a573-16b1dd8d84d9 with 9fbdf81c-ddc2-43b6-bc96-b5042db382e9
[35m[HTTP][39m [37m<-- GET /wd/hub/session/9fbdf81c-ddc2-43b6-bc96-b5042db382e9/element/d4d3f497-faab-4546-91c0-a8adb310167c/location [39m[32m200[39m [90m19 ms - 78[39m
[35m[HTTP][39m [90m[39m
[35m[HTTP][39m [37m-->[39m [37mPOST[39m [37m/wd/hub/session/9fbdf81c-ddc2-43b6-bc96-b5042db382e9/touch/perform[39m
[35m[HTTP][39m [90m{"actions":[{"action":"tap","options":{"x":1,"y":1,"element":"d4d3f497-faab-4546-91c0-a8adb310167c"}}]}[39m
[35m[UiAutomator2][39m calling get location: d4d3f497-faab-4546-91c0-a8adb310167c
[35m[HTTP][39m [37m<-- POST /wd/hub/session/9fbdf81c-ddc2-43b6-bc96-b5042db382e9/touch/perform [39m[32m200[39m [90m862 ms - 14[39m
[35m[HTTP][39m [90m[39m
[35m[HTTP][39m [37m-->[39m [37mGET[39m [37m/wd/hub/session/9fbdf81c-ddc2-43b6-bc96-b5042db382e9/source[39m
[35m[HTTP][39m [90m{}[39m
[35m[W3C (9fbdf81c)][39m Driver proxy active, passing request on via HTTP proxy
[35m[WD Proxy][39m Replacing sessionId 85549da6-22b3-40dd-a573-16b1dd8d84d9 with 9fbdf81c-ddc2-43b6-bc96-b5042db382e9
[35m[HTTP][39m [37m<-- GET /wd/hub/session/9fbdf81c-ddc2-43b6-bc96-b5042db382e9/source [39m[32m200[39m [90m77 ms - 9862[39m
[35m[HTTP][39m [90m[39m
[35m[HTTP][39m [37m-->[39m [37mGET[39m [37m/wd/hub/session/9fbdf81c-ddc2-43b6-bc96-b5042db382e9/screenshot[39m
[35m[HTTP][39m [90m{}[39m
[35m[HTTP][39m [37m<-- GET /wd/hub/session/9fbdf81c-ddc2-43b6-bc96-b5042db382e9/screenshot [39m[32m200[39m [90m365 ms - 96450[39m
[35m[HTTP][39m [90m[39m
[35m[HTTP][39m [37m-->[39m [37mGET[39m [37m/wd/hub/session/9fbdf81c-ddc2-43b6-bc96-b5042db382e9/source[39m
[35m[HTTP][39m [90m{}[39m
[35m[W3C (9fbdf81c)][39m Driver proxy active, passing request on via HTTP proxy
[35m[WD Proxy][39m Replacing sessionId 85549da6-22b3-40dd-a573-16b1dd8d84d9 with 9fbdf81c-ddc2-43b6-bc96-b5042db382e9
[35m[HTTP][39m [37m<-- GET /wd/hub/session/9fbdf81c-ddc2-43b6-bc96-b5042db382e9/source [39m[32m200[39m [90m82 ms - 9862[39m
[35m[HTTP][39m [90m[39m
[35m[HTTP][39m [37m-->[39m [37mGET[39m [37m/wd/hub/session/9fbdf81c-ddc2-43b6-bc96-b5042db382e9/screenshot[39m
[35m[HTTP][39m [90m{}[39m
[35m[HTTP][39m [37m<-- GET /wd/hub/session/9fbdf81c-ddc2-43b6-bc96-b5042db382e9/screenshot [39m[32m200[39m [90m354 ms - 96450[39m
[35m[HTTP][39m [90m[39m
[35m[HTTP][39m [37m-->[39m [37mGET[39m [37m/wd/hub/session/9fbdf81c-ddc2-43b6-bc96-b5042db382e9/window/rect[39m
[35m[HTTP][39m [90m{}[39m
[35m[HTTP][39m [37m<-- GET /wd/hub/session/9fbdf81c-ddc2-43b6-bc96-b5042db382e9/window/rect [39m[32m200[39m [90m17 ms - 50[39m
[35m[HTTP][39m [90m[39m
[35m[HTTP][39m [37m-->[39m [37mPOST[39m [37m/wd/hub/session/9fbdf81c-ddc2-43b6-bc96-b5042db382e9/elements[39m
[35m[HTTP][39m [90m{"using":"xpath","value":"//hierarchy/android.widget.FrameLayout[1]/android.widget.LinearLayout[1]/android.widget.FrameLayout[1]/android.view.ViewGroup[1]/android.widget.FrameLayout[2]/android.view.ViewGroup[1]/android.widget.EditText[1]"}[39m
[35m[HTTP][39m [37m<-- POST /wd/hub/session/9fbdf81c-ddc2-43b6-bc96-b5042db382e9/elements [39m[32m200[39m [90m84 ms - 139[39m
[35m[HTTP][39m [90m[39m
[35m[HTTP][39m [37m-->[39m [37mGET[39m [37m/wd/hub/session/9fbdf81c-ddc2-43b6-bc96-b5042db382e9/element/991225eb-7051-428a-8032-5a9dac1e3858/location[39m
[35m[HTTP][39m [90m{}[39m
[35m[W3C (9fbdf81c)][39m Driver proxy active, passing request on via HTTP proxy
[35m[WD Proxy][39m Replacing sessionId 85549da6-22b3-40dd-a573-16b1dd8d84d9 with 9fbdf81c-ddc2-43b6-bc96-b5042db382e9
[35m[HTTP][39m [37m<-- GET /wd/hub/session/9fbdf81c-ddc2-43b6-bc96-b5042db382e9/element/991225eb-7051-428a-8032-5a9dac1e3858/location [39m[32m200[39m [90m18 ms - 78[39m
[35m[HTTP][39m [90m[39m
[35m[HTTP][39m [37m-->[39m [37mPOST[39m [37m/wd/hub/session/9fbdf81c-ddc2-43b6-bc96-b5042db382e9/element/991225eb-7051-428a-8032-5a9dac1e3858/clear[39m
[35m[HTTP][39m [90m{"id":"991225eb-7051-428a-8032-5a9dac1e3858"}[39m
[35m[HTTP][39m [37m<-- POST /wd/hub/session/9fbdf81c-ddc2-43b6-bc96-b5042db382e9/element/991225eb-7051-428a-8032-5a9dac1e3858/clear [39m[32m200[39m [90m33 ms - 14[39m
[35m[HTTP][39m [90m[39m
[35m[HTTP][39m [37m-->[39m [37mGET[39m [37m/wd/hub/session/9fbdf81c-ddc2-43b6-bc96-b5042db382e9/source[39m
[35m[HTTP][39m [90m{}[39m
[35m[W3C (9fbdf81c)][39m Driver proxy active, passing request on via HTTP proxy
[35m[WD Proxy][39m Replacing sessionId 85549da6-22b3-40dd-a573-16b1dd8d84d9 with 9fbdf81c-ddc2-43b6-bc96-b5042db382e9
[35m[HTTP][39m [37m<-- GET /wd/hub/session/9fbdf81c-ddc2-43b6-bc96-b5042db382e9/source [39m[32m200[39m [90m68 ms - 9855[39m
[35m[HTTP][39m [90m[39m
[35m[HTTP][39m [37m-->[39m [37mGET[39m [37m/wd/hub/session/9fbdf81c-ddc2-43b6-bc96-b5042db382e9/screenshot[39m
[35m[HTTP][39m [90m{}[39m
[35m[HTTP][39m [37m<-- GET /wd/hub/session/9fbdf81c-ddc2-43b6-bc96-b5042db382e9/screenshot [39m[32m200[39m [90m351 ms - 92114[39m
[35m[HTTP][39m [90m[39m
[35m[HTTP][39m [37m-->[39m [37mGET[39m [37m/wd/hub/session/9fbdf81c-ddc2-43b6-bc96-b5042db382e9/window/rect[39m
[35m[HTTP][39m [90m{}[39m
[35m[HTTP][39m [37m<-- GET /wd/hub/session/9fbdf81c-ddc2-43b6-bc96-b5042db382e9/window/rect [39m[32m200[39m [90m14 ms - 50[39m
[35m[HTTP][39m [90m[39m
[35m[HTTP][39m [37m-->[39m [37mPOST[39m [37m/wd/hub/session/9fbdf81c-ddc2-43b6-bc96-b5042db382e9/elements[39m
[35m[HTTP][39m [90m{"using":"xpath","value":"//hierarchy/android.widget.FrameLayout[1]/android.widget.LinearLayout[1]/android.widget.FrameLayout[1]/android.view.ViewGroup[1]/android.widget.FrameLayout[2]/android.view.ViewGroup[1]/android.widget.EditText[1]"}[39m
[35m[HTTP][39m [37m<-- POST /wd/hub/session/9fbdf81c-ddc2-43b6-bc96-b5042db382e9/elements [39m[32m200[39m [90m83 ms - 139[39m
[35m[HTTP][39m [90m[39m
[35m[HTTP][39m [37m-->[39m [37mGET[39m [37m/wd/hub/session/9fbdf81c-ddc2-43b6-bc96-b5042db382e9/element/52355770-9eed-476f-9f15-1e8fb8937650/location[39m
[35m[HTTP][39m [90m{}[39m
[35m[W3C (9fbdf81c)][39m Driver proxy active, passing request on via HTTP proxy
[35m[WD Proxy][39m Replacing sessionId 85549da6-22b3-40dd-a573-16b1dd8d84d9 with 9fbdf81c-ddc2-43b6-bc96-b5042db382e9
[35m[HTTP][39m [37m<-- GET /wd/hub/session/9fbdf81c-ddc2-43b6-bc96-b5042db382e9/element/52355770-9eed-476f-9f15-1e8fb8937650/location [39m[32m200[39m [90m19 ms - 78[39m
[35m[HTTP][39m [90m[39m
[35m[HTTP][39m [37m-->[39m [37mPOST[39m [37m/wd/hub/session/9fbdf81c-ddc2-43b6-bc96-b5042db382e9/element/52355770-9eed-476f-9f15-1e8fb8937650/clear[39m
[35m[HTTP][39m [90m{"id":"52355770-9eed-476f-9f15-1e8fb8937650"}[39m
[35m[HTTP][39m [37m<-- POST /wd/hub/session/9fbdf81c-ddc2-43b6-bc96-b5042db382e9/element/52355770-9eed-476f-9f15-1e8fb8937650/clear [39m[32m200[39m [90m25 ms - 14[39m
[35m[HTTP][39m [90m[39m
[35m[HTTP][39m [37m-->[39m [37mPOST[39m [37m/wd/hub/session/9fbdf81c-ddc2-43b6-bc96-b5042db382e9/element/52355770-9eed-476f-9f15-1e8fb8937650/value[39m
[35m[HTTP][39m [90m{"id":"52355770-9eed-476f-9f15-1e8fb8937650","text":"te212te","value":["t","e","2","1","2","t","e"]}[39m
[35m[HTTP][39m [37m<-- POST /wd/hub/session/9fbdf81c-ddc2-43b6-bc96-b5042db382e9/element/52355770-9eed-476f-9f15-1e8fb8937650/value [39m[32m200[39m [90m514 ms - 14[39m
[35m[HTTP][39m [90m[39m
[35m[HTTP][39m [37m-->[39m [37mGET[39m [37m/wd/hub/session/9fbdf81c-ddc2-43b6-bc96-b5042db382e9/source[39m
[35m[HTTP][39m [90m{}[39m
[35m[W3C (9fbdf81c)][39m Driver proxy active, passing request on via HTTP proxy
[35m[WD Proxy][39m Replacing sessionId 85549da6-22b3-40dd-a573-16b1dd8d84d9 with 9fbdf81c-ddc2-43b6-bc96-b5042db382e9
[35m[HTTP][39m [37m<-- GET /wd/hub/session/9fbdf81c-ddc2-43b6-bc96-b5042db382e9/source [39m[32m200[39m [90m76 ms - 9862[39m
[35m[HTTP][39m [90m[39m
[35m[HTTP][39m [37m-->[39m [37mGET[39m [37m/wd/hub/session/9fbdf81c-ddc2-43b6-bc96-b5042db382e9/screenshot[39m
[35m[HTTP][39m [90m{}[39m
[35m[HTTP][39m [37m<-- GET /wd/hub/session/9fbdf81c-ddc2-43b6-bc96-b5042db382e9/screenshot [39m[32m200[39m [90m361 ms - 95304[39m
[35m[HTTP][39m [90m[39m
[35m[HTTP][39m [37m-->[39m [37mGET[39m [37m/wd/hub/session/9fbdf81c-ddc2-43b6-bc96-b5042db382e9/window/rect[39m
[35m[HTTP][39m [90m{}[39m
[35m[HTTP][39m [37m<-- GET /wd/hub/session/9fbdf81c-ddc2-43b6-bc96-b5042db382e9/window/rect [39m[32m200[39m [90m16 ms - 50[39m
[35m[HTTP][39m [90m[39m
[35m[HTTP][39m [37m-->[39m [37mPOST[39m [37m/wd/hub/session/9fbdf81c-ddc2-43b6-bc96-b5042db382e9/elements[39m
[35m[HTTP][39m [90m{"using":"xpath","value":"//hierarchy/android.widget.FrameLayout[1]/android.widget.LinearLayout[1]/android.widget.FrameLayout[1]/android.view.ViewGroup[1]/android.widget.FrameLayout[2]/android.view.ViewGroup[1]/android.widget.EditText[2]"}[39m
[35m[HTTP][39m [37m<-- POST /wd/hub/session/9fbdf81c-ddc2-43b6-bc96-b5042db382e9/elements [39m[32m200[39m [90m81 ms - 139[39m
[35m[HTTP][39m [90m[39m
[35m[HTTP][39m [37m-->[39m [37mGET[39m [37m/wd/hub/session/9fbdf81c-ddc2-43b6-bc96-b5042db382e9/element/2a0f5f87-66bb-4892-b890-abc43b16d556/location[39m
[35m[HTTP][39m [90m{}[39m
[35m[W3C (9fbdf81c)][39m Driver proxy active, passing request on via HTTP proxy
[35m[WD Proxy][39m Replacing sessionId 85549da6-22b3-40dd-a573-16b1dd8d84d9 with 9fbdf81c-ddc2-43b6-bc96-b5042db382e9
[35m[HTTP][39m [37m<-- GET /wd/hub/session/9fbdf81c-ddc2-43b6-bc96-b5042db382e9/element/2a0f5f87-66bb-4892-b890-abc43b16d556/location [39m[32m200[39m [90m22 ms - 78[39m
[35m[HTTP][39m [90m[39m
[35m[HTTP][39m [37m-->[39m [37mPOST[39m [37m/wd/hub/session/9fbdf81c-ddc2-43b6-bc96-b5042db382e9/element/2a0f5f87-66bb-4892-b890-abc43b16d556/clear[39m
[35m[HTTP][39m [90m{"id":"2a0f5f87-66bb-4892-b890-abc43b16d556"}[39m
[35m[HTTP][39m [37m<-- POST /wd/hub/session/9fbdf81c-ddc2-43b6-bc96-b5042db382e9/element/2a0f5f87-66bb-4892-b890-abc43b16d556/clear [39m[32m200[39m [90m23 ms - 14[39m
[35m[HTTP][39m [90m[39m
[35m[HTTP][39m [37m-->[39m [37mGET[39m [37m/wd/hub/session/9fbdf81c-ddc2-43b6-bc96-b5042db382e9/source[39m
[35m[HTTP][39m [90m{}[39m
[35m[W3C (9fbdf81c)][39m Driver proxy active, passing request on via HTTP proxy
[35m[WD Proxy][39m Replacing sessionId 85549da6-22b3-40dd-a573-16b1dd8d84d9 with 9fbdf81c-ddc2-43b6-bc96-b5042db382e9
[35m[HTTP][39m [37m<-- GET /wd/hub/session/9fbdf81c-ddc2-43b6-bc96-b5042db382e9/source [39m[32m200[39m [90m70 ms - 9857[39m
[35m[HTTP][39m [90m[39m
[35m[HTTP][39m [37m-->[39m [37mGET[39m [37m/wd/hub/session/9fbdf81c-ddc2-43b6-bc96-b5042db382e9/screenshot[39m
[35m[HTTP][39m [90m{}[39m
[35m[HTTP][39m [37m<-- GET /wd/hub/session/9fbdf81c-ddc2-43b6-bc96-b5042db382e9/screenshot [39m[32m200[39m [90m340 ms - 91396[39m
[35m[HTTP][39m [90m[39m
[35m[HTTP][39m [37m-->[39m [37mGET[39m [37m/wd/hub/session/9fbdf81c-ddc2-43b6-bc96-b5042db382e9/window/rect[39m
[35m[HTTP][39m [90m{}[39m
[35m[HTTP][39m [37m<-- GET /wd/hub/session/9fbdf81c-ddc2-43b6-bc96-b5042db382e9/window/rect [39m[32m200[39m [90m19 ms - 50[39m
[35m[HTTP][39m [90m[39m
[35m[HTTP][39m [37m-->[39m [37mPOST[39m [37m/wd/hub/session/9fbdf81c-ddc2-43b6-bc96-b5042db382e9/elements[39m
[35m[HTTP][39m [90m{"using":"xpath","value":"//hierarchy/android.widget.FrameLayout[1]/android.widget.LinearLayout[1]/android.widget.FrameLayout[1]/android.view.ViewGroup[1]/android.widget.FrameLayout[2]/android.view.ViewGroup[1]/android.widget.EditText[2]"}[39m
[35m[HTTP][39m [37m<-- POST /wd/hub/session/9fbdf81c-ddc2-43b6-bc96-b5042db382e9/elements [39m[32m200[39m [90m77 ms - 139[39m
[35m[HTTP][39m [90m[39m
[35m[HTTP][39m [37m-->[39m [37mGET[39m [37m/wd/hub/session/9fbdf81c-ddc2-43b6-bc96-b5042db382e9/element/d09919b2-e649-45ec-a756-b1420b1e5d67/location[39m
[35m[HTTP][39m [90m{}[39m
[35m[W3C (9fbdf81c)][39m Driver proxy active, passing request on via HTTP proxy
[35m[WD Proxy][39m Replacing sessionId 85549da6-22b3-40dd-a573-16b1dd8d84d9 with 9fbdf81c-ddc2-43b6-bc96-b5042db382e9
[35m[HTTP][39m [37m<-- GET /wd/hub/session/9fbdf81c-ddc2-43b6-bc96-b5042db382e9/element/d09919b2-e649-45ec-a756-b1420b1e5d67/location [39m[32m200[39m [90m19 ms - 78[39m
[35m[HTTP][39m [90m[39m
[35m[HTTP][39m [37m-->[39m [37mPOST[39m [37m/wd/hub/session/9fbdf81c-ddc2-43b6-bc96-b5042db382e9/element/d09919b2-e649-45ec-a756-b1420b1e5d67/clear[39m
[35m[HTTP][39m [90m{"id":"d09919b2-e649-45ec-a756-b1420b1e5d67"}[39m
[35m[HTTP][39m [37m<-- POST /wd/hub/session/9fbdf81c-ddc2-43b6-bc96-b5042db382e9/element/d09919b2-e649-45ec-a756-b1420b1e5d67/clear [39m[32m200[39m [90m22 ms - 14[39m
[35m[HTTP][39m [90m[39m
[35m[HTTP][39m [37m-->[39m [37mPOST[39m [37m/wd/hub/session/9fbdf81c-ddc2-43b6-bc96-b5042db382e9/element/d09919b2-e649-45ec-a756-b1420b1e5d67/value[39m
[35m[HTTP][39m [90m{"id":"d09919b2-e649-45ec-a756-b1420b1e5d67","text":"teetee moment","value":["t","e","e","t","e","e"," ","m","o","m","e","n","t"]}[39m
[35m[HTTP][39m [37m<-- POST /wd/hub/session/9fbdf81c-ddc2-43b6-bc96-b5042db382e9/element/d09919b2-e649-45ec-a756-b1420b1e5d67/value [39m[32m200[39m [90m515 ms - 14[39m
[35m[HTTP][39m [90m[39m
[35m[HTTP][39m [37m-->[39m [37mGET[39m [37m/wd/hub/session/9fbdf81c-ddc2-43b6-bc96-b5042db382e9/source[39m
[35m[HTTP][39m [90m{}[39m
[35m[W3C (9fbdf81c)][39m Driver proxy active, passing request on via HTTP proxy
[35m[WD Proxy][39m Replacing sessionId 85549da6-22b3-40dd-a573-16b1dd8d84d9 with 9fbdf81c-ddc2-43b6-bc96-b5042db382e9
[35m[HTTP][39m [37m<-- GET /wd/hub/session/9fbdf81c-ddc2-43b6-bc96-b5042db382e9/source [39m[32m200[39m [90m72 ms - 9870[39m
[35m[HTTP][39m [90m[39m
[35m[HTTP][39m [37m-->[39m [37mGET[39m [37m/wd/hub/session/9fbdf81c-ddc2-43b6-bc96-b5042db382e9/screenshot[39m
[35m[HTTP][39m [90m{}[39m
[35m[HTTP][39m [37m<-- GET /wd/hub/session/9fbdf81c-ddc2-43b6-bc96-b5042db382e9/screenshot [39m[32m200[39m [90m368 ms - 95776[39m
[35m[HTTP][39m [90m[39m
[35m[HTTP][39m [37m-->[39m [37mGET[39m [37m/wd/hub/session/9fbdf81c-ddc2-43b6-bc96-b5042db382e9/window/rect[39m
[35m[HTTP][39m [90m{}[39m
[35m[HTTP][39m [37m<-- GET /wd/hub/session/9fbdf81c-ddc2-43b6-bc96-b5042db382e9/window/rect [39m[32m200[39m [90m17 ms - 50[39m
[35m[HTTP][39m [90m[39m
[35m[HTTP][39m [37m-->[39m [37mPOST[39m [37m/wd/hub/session/9fbdf81c-ddc2-43b6-bc96-b5042db382e9/elements[39m
[35m[HTTP][39m [90m{"using":"xpath","value":"//hierarchy/android.widget.FrameLayout[1]/android.widget.LinearLayout[1]/android.widget.FrameLayout[1]/android.view.ViewGroup[1]/android.widget.FrameLayout[2]/android.view.ViewGroup[1]/android.widget.Button[1]"}[39m
[35m[HTTP][39m [37m<-- POST /wd/hub/session/9fbdf81c-ddc2-43b6-bc96-b5042db382e9/elements [39m[32m200[39m [90m75 ms - 139[39m
[35m[HTTP][39m [90m[39m
[35m[HTTP][39m [37m-->[39m [37mGET[39m [37m/wd/hub/session/9fbdf81c-ddc2-43b6-bc96-b5042db382e9/element/49995d57-1a16-4e64-8fd9-9ebaef3e999f/location[39m
[35m[HTTP][39m [90m{}[39m
[35m[W3C (9fbdf81c)][39m Driver proxy active, passing request on via HTTP proxy
[35m[WD Proxy][39m Replacing sessionId 85549da6-22b3-40dd-a573-16b1dd8d84d9 with 9fbdf81c-ddc2-43b6-bc96-b5042db382e9
[35m[HTTP][39m [37m<-- GET /wd/hub/session/9fbdf81c-ddc2-43b6-bc96-b5042db382e9/element/49995d57-1a16-4e64-8fd9-9ebaef3e999f/location [39m[32m200[39m [90m17 ms - 77[39m
[35m[HTTP][39m [90m[39m
[35m[HTTP][39m [37m-->[39m [37mPOST[39m [37m/wd/hub/session/9fbdf81c-ddc2-43b6-bc96-b5042db382e9/touch/perform[39m
[35m[HTTP][39m [90m{"actions":[{"action":"tap","options":{"x":1,"y":1,"element":"49995d57-1a16-4e64-8fd9-9ebaef3e999f"}}]}[39m
[35m[UiAutomator2][39m calling get location: 49995d57-1a16-4e64-8fd9-9ebaef3e999f
[35m[HTTP][39m [37m<-- POST /wd/hub/session/9fbdf81c-ddc2-43b6-bc96-b5042db382e9/touch/perform [39m[32m200[39m [90m70 ms - 14[39m
[35m[HTTP][39m [90m[39m
[35m[HTTP][39m [37m-->[39m [37mGET[39m [37m/wd/hub/session/9fbdf81c-ddc2-43b6-bc96-b5042db382e9/source[39m
[35m[HTTP][39m [90m{}[39m
[35m[W3C (9fbdf81c)][39m Driver proxy active, passing request on via HTTP proxy
[35m[WD Proxy][39m Replacing sessionId 85549da6-22b3-40dd-a573-16b1dd8d84d9 with 9fbdf81c-ddc2-43b6-bc96-b5042db382e9
[35m[HTTP][39m [37m<-- GET /wd/hub/session/9fbdf81c-ddc2-43b6-bc96-b5042db382e9/source [39m[32m200[39m [90m56 ms - 6978[39m
[35m[HTTP][39m [90m[39m
[35m[HTTP][39m [37m-->[39m [37mGET[39m [37m/wd/hub/session/9fbdf81c-ddc2-43b6-bc96-b5042db382e9/screenshot[39m
[35m[HTTP][39m [90m{}[39m
[35m[HTTP][39m [37m<-- GET /wd/hub/session/9fbdf81c-ddc2-43b6-bc96-b5042db382e9/screenshot [39m[32m200[39m [90m367 ms - 105756[39m
[35m[HTTP][39m [90m[39m
[35m[HTTP][39m [37m-->[39m [37mGET[39m [37m/wd/hub/session/9fbdf81c-ddc2-43b6-bc96-b5042db382e9/window/rect[39m
[35m[HTTP][39m [90m{}[39m
[35m[HTTP][39m [37m<-- GET /wd/hub/session/9fbdf81c-ddc2-43b6-bc96-b5042db382e9/window/rect [39m[32m200[39m [90m15 ms - 50[39m
[35m[HTTP][39m [90m[39m
[35m[HTTP][39m [37m-->[39m [37mPOST[39m [37m/wd/hub/session/9fbdf81c-ddc2-43b6-bc96-b5042db382e9/elements[39m
[35m[HTTP][39m [90m{"using":"xpath","value":"//hierarchy/android.widget.FrameLayout[1]/android.widget.LinearLayout[1]/android.widget.FrameLayout[1]/android.widget.FrameLayout[1]/android.widget.FrameLayout[1]/androidx.appcompat.widget.LinearLayoutCompat[1]/android.widget.ScrollView[1]/android.widget.LinearLayout[1]/android.widget.Button[2]"}[39m
[35m[HTTP][39m [37m<-- POST /wd/hub/session/9fbdf81c-ddc2-43b6-bc96-b5042db382e9/elements [39m[32m200[39m [90m64 ms - 139[39m
[35m[HTTP][39m [90m[39m
[35m[HTTP][39m [37m-->[39m [37mGET[39m [37m/wd/hub/session/9fbdf81c-ddc2-43b6-bc96-b5042db382e9/element/2500e5e1-155a-4a3d-8e8e-31ee79788700/location[39m
[35m[HTTP][39m [90m{}[39m
[35m[W3C (9fbdf81c)][39m Driver proxy active, passing request on via HTTP proxy
[35m[WD Proxy][39m Replacing sessionId 85549da6-22b3-40dd-a573-16b1dd8d84d9 with 9fbdf81c-ddc2-43b6-bc96-b5042db382e9
[35m[HTTP][39m [37m<-- GET /wd/hub/session/9fbdf81c-ddc2-43b6-bc96-b5042db382e9/element/2500e5e1-155a-4a3d-8e8e-31ee79788700/location [39m[32m200[39m [90m17 ms - 79[39m
[35m[HTTP][39m [90m[39m
[35m[HTTP][39m [37m-->[39m [37mPOST[39m [37m/wd/hub/session/9fbdf81c-ddc2-43b6-bc96-b5042db382e9/touch/perform[39m
[35m[HTTP][39m [90m{"actions":[{"action":"tap","options":{"x":1,"y":1,"element":"2500e5e1-155a-4a3d-8e8e-31ee79788700"}}]}[39m
[35m[UiAutomator2][39m calling get location: 2500e5e1-155a-4a3d-8e8e-31ee79788700
[35m[HTTP][39m [37m<-- POST /wd/hub/session/9fbdf81c-ddc2-43b6-bc96-b5042db382e9/touch/perform [39m[32m200[39m [90m59 ms - 14[39m
[35m[HTTP][39m [90m[39m
[35m[HTTP][39m [37m-->[39m [37mGET[39m [37m/wd/hub/session/9fbdf81c-ddc2-43b6-bc96-b5042db382e9/source[39m
[35m[HTTP][39m [90m{}[39m
[35m[W3C (9fbdf81c)][39m Driver proxy active, passing request on via HTTP proxy
[35m[WD Proxy][39m Replacing sessionId 85549da6-22b3-40dd-a573-16b1dd8d84d9 with 9fbdf81c-ddc2-43b6-bc96-b5042db382e9
[35m[HTTP][39m [37m<-- GET /wd/hub/session/9fbdf81c-ddc2-43b6-bc96-b5042db382e9/source [39m[32m200[39m [90m165 ms - 9485[39m
[35m[HTTP][39m [90m[39m
[35m[HTTP][39m [37m-->[39m [37mGET[39m [37m/wd/hub/session/9fbdf81c-ddc2-43b6-bc96-b5042db382e9/screenshot[39m
[35m[HTTP][39m [90m{}[39m
[35m[HTTP][39m [37m<-- GET /wd/hub/session/9fbdf81c-ddc2-43b6-bc96-b5042db382e9/screenshot [39m[32m200[39m [90m344 ms - 146198[39m
[35m[HTTP][39m [90m[39m
[35m[HTTP][39m [37m-->[39m [37mGET[39m [37m/wd/hub/session/9fbdf81c-ddc2-43b6-bc96-b5042db382e9/source[39m
[35m[HTTP][39m [90m{}[39m
[35m[W3C (9fbdf81c)][39m Driver proxy active, passing request on via HTTP proxy
[35m[WD Proxy][39m Replacing sessionId 85549da6-22b3-40dd-a573-16b1dd8d84d9 with 9fbdf81c-ddc2-43b6-bc96-b5042db382e9
[35m[HTTP][39m [37m<-- GET /wd/hub/session/9fbdf81c-ddc2-43b6-bc96-b5042db382e9/source [39m[32m200[39m [90m63 ms - 9485[39m
[35m[HTTP][39m [90m[39m
[35m[HTTP][39m [37m-->[39m [37mGET[39m [37m/wd/hub/session/9fbdf81c-ddc2-43b6-bc96-b5042db382e9/screenshot[39m
[35m[HTTP][39m [90m{}[39m
[35m[HTTP][39m [37m<-- GET /wd/hub/session/9fbdf81c-ddc2-43b6-bc96-b5042db382e9/screenshot [39m[32m200[39m [90m392 ms - 146202[39m
[35m[HTTP][39m [90m[39m
[35m[HTTP][39m [37m-->[39m [37mGET[39m [37m/wd/hub/session/9fbdf81c-ddc2-43b6-bc96-b5042db382e9/window/rect[39m
[35m[HTTP][39m [90m{}[39m
[35m[HTTP][39m [37m<-- GET /wd/hub/session/9fbdf81c-ddc2-43b6-bc96-b5042db382e9/window/rect [39m[32m200[39m [90m16 ms - 50[39m
[35m[HTTP][39m [90m[39m
[35m[HTTP][39m [37m-->[39m [37mPOST[39m [37m/wd/hub/session/9fbdf81c-ddc2-43b6-bc96-b5042db382e9/elements[39m
[35m[HTTP][39m [90m{"using":"xpath","value":"//hierarchy/android.widget.FrameLayout[1]/android.widget.LinearLayout[1]/android.widget.FrameLayout[1]/android.view.ViewGroup[1]/android.widget.FrameLayout[1]/android.view.ViewGroup[1]/androidx.appcompat.widget.LinearLayoutCompat[1]/android.widget.TextView[1]"}[39m
[35m[HTTP][39m [37m<-- POST /wd/hub/session/9fbdf81c-ddc2-43b6-bc96-b5042db382e9/elements [39m[32m200[39m [90m68 ms - 139[39m
[35m[HTTP][39m [90m[39m
[35m[HTTP][39m [37m-->[39m [37mGET[39m [37m/wd/hub/session/9fbdf81c-ddc2-43b6-bc96-b5042db382e9/element/ef1c880f-08b7-4ab8-a87a-23d5d9fbf5c7/location[39m
[35m[HTTP][39m [90m{}[39m
[35m[W3C (9fbdf81c)][39m Driver proxy active, passing request on via HTTP proxy
[35m[WD Proxy][39m Replacing sessionId 85549da6-22b3-40dd-a573-16b1dd8d84d9 with 9fbdf81c-ddc2-43b6-bc96-b5042db382e9
[35m[HTTP][39m [37m<-- GET /wd/hub/session/9fbdf81c-ddc2-43b6-bc96-b5042db382e9/element/ef1c880f-08b7-4ab8-a87a-23d5d9fbf5c7/location [39m[32m200[39m [90m21 ms - 77[39m
[35m[HTTP][39m [90m[39m
[35m[HTTP][39m [37m-->[39m [37mPOST[39m [37m/wd/hub/session/9fbdf81c-ddc2-43b6-bc96-b5042db382e9/touch/perform[39m
[35m[HTTP][39m [90m{"actions":[{"action":"tap","options":{"x":1,"y":1,"element":"ef1c880f-08b7-4ab8-a87a-23d5d9fbf5c7"}}]}[39m
[35m[UiAutomator2][39m calling get location: ef1c880f-08b7-4ab8-a87a-23d5d9fbf5c7
[35m[HTTP][39m [37m<-- POST /wd/hub/session/9fbdf81c-ddc2-43b6-bc96-b5042db382e9/touch/perform [39m[32m200[39m [90m74 ms - 14[39m
[35m[HTTP][39m [90m[39m
[35m[HTTP][39m [37m-->[39m [37mGET[39m [37m/wd/hub/session/9fbdf81c-ddc2-43b6-bc96-b5042db382e9/source[39m
[35m[HTTP][39m [90m{}[39m
[35m[W3C (9fbdf81c)][39m Driver proxy active, passing request on via HTTP proxy
[35m[WD Proxy][39m Replacing sessionId 85549da6-22b3-40dd-a573-16b1dd8d84d9 with 9fbdf81c-ddc2-43b6-bc96-b5042db382e9
[35m[HTTP][39m [37m<-- GET /wd/hub/session/9fbdf81c-ddc2-43b6-bc96-b5042db382e9/source [39m[32m200[39m [90m269 ms - 6971[39m
[35m[HTTP][39m [90m[39m
[35m[HTTP][39m [37m-->[39m [37mGET[39m [37m/wd/hub/session/9fbdf81c-ddc2-43b6-bc96-b5042db382e9/screenshot[39m
[35m[HTTP][39m [90m{}[39m
[35m[HTTP][39m [37m<-- GET /wd/hub/session/9fbdf81c-ddc2-43b6-bc96-b5042db382e9/screenshot [39m[32m200[39m [90m395 ms - 134280[39m
[35m[HTTP][39m [90m[39m
[35m[HTTP][39m [37m-->[39m [37mGET[39m [37m/wd/hub/session/9fbdf81c-ddc2-43b6-bc96-b5042db382e9/window/rect[39m
[35m[HTTP][39m [90m{}[39m
[35m[HTTP][39m [37m<-- GET /wd/hub/session/9fbdf81c-ddc2-43b6-bc96-b5042db382e9/window/rect [39m[32m200[39m [90m15 ms - 50[39m
[35m[HTTP][39m [90m[39m
[35m[HTTP][39m [37m-->[39m [37mPOST[39m [37m/wd/hub/session/9fbdf81c-ddc2-43b6-bc96-b5042db382e9/elements[39m
[35m[HTTP][39m [90m{"using":"xpath","value":"//hierarchy/android.widget.FrameLayout[1]/android.widget.LinearLayout[1]/android.widget.FrameLayout[1]/android.widget.FrameLayout[1]/android.widget.FrameLayout[1]/androidx.appcompat.widget.LinearLayoutCompat[1]/android.widget.ScrollView[1]/android.widget.LinearLayout[1]/android.widget.Button[2]"}[39m
[35m[HTTP][39m [37m<-- POST /wd/hub/session/9fbdf81c-ddc2-43b6-bc96-b5042db382e9/elements [39m[32m200[39m [90m54 ms - 139[39m
[35m[HTTP][39m [90m[39m
[35m[HTTP][39m [37m-->[39m [37mGET[39m [37m/wd/hub/session/9fbdf81c-ddc2-43b6-bc96-b5042db382e9/element/268401d5-3788-41b0-b3e7-462e569ce3a5/location[39m
[35m[HTTP][39m [90m{}[39m
[35m[W3C (9fbdf81c)][39m Driver proxy active, passing request on via HTTP proxy
[35m[WD Proxy][39m Replacing sessionId 85549da6-22b3-40dd-a573-16b1dd8d84d9 with 9fbdf81c-ddc2-43b6-bc96-b5042db382e9
[35m[HTTP][39m [37m<-- GET /wd/hub/session/9fbdf81c-ddc2-43b6-bc96-b5042db382e9/element/268401d5-3788-41b0-b3e7-462e569ce3a5/location [39m[32m200[39m [90m18 ms - 79[39m
[35m[HTTP][39m [90m[39m
[35m[HTTP][39m [37m-->[39m [37mPOST[39m [37m/wd/hub/session/9fbdf81c-ddc2-43b6-bc96-b5042db382e9/touch/perform[39m
[35m[HTTP][39m [90m{"actions":[{"action":"tap","options":{"x":1,"y":1,"element":"268401d5-3788-41b0-b3e7-462e569ce3a5"}}]}[39m
[35m[UiAutomator2][39m calling get location: 268401d5-3788-41b0-b3e7-462e569ce3a5
[35m[HTTP][39m [37m<-- POST /wd/hub/session/9fbdf81c-ddc2-43b6-bc96-b5042db382e9/touch/perform [39m[32m200[39m [90m61 ms - 14[39m
[35m[HTTP][39m [90m[39m
[35m[HTTP][39m [37m-->[39m [37mGET[39m [37m/wd/hub/session/9fbdf81c-ddc2-43b6-bc96-b5042db382e9/source[39m
[35m[HTTP][39m [90m{}[39m
[35m[W3C (9fbdf81c)][39m Driver proxy active, passing request on via HTTP proxy
[35m[WD Proxy][39m Replacing sessionId 85549da6-22b3-40dd-a573-16b1dd8d84d9 with 9fbdf81c-ddc2-43b6-bc96-b5042db382e9
[35m[HTTP][39m [37m<-- GET /wd/hub/session/9fbdf81c-ddc2-43b6-bc96-b5042db382e9/source [39m[32m200[39m [90m141 ms - 3657[39m
[35m[HTTP][39m [90m[39m
[35m[HTTP][39m [37m-->[39m [37mGET[39m [37m/wd/hub/session/9fbdf81c-ddc2-43b6-bc96-b5042db382e9/screenshot[39m
[35m[HTTP][39m [90m{}[39m
[35m[HTTP][39m [37m<-- GET /wd/hub/session/9fbdf81c-ddc2-43b6-bc96-b5042db382e9/screenshot [39m[32m200[39m [90m434 ms - 500634[39m
[35m[HTTP][39m [90m[39m
[35m[HTTP][39m [37m-->[39m [37mDELETE[39m [37m/wd/hub/session/9fbdf81c-ddc2-43b6-bc96-b5042db382e9[39m
[35m[HTTP][39m [90m{}[39m
[35m[Appium][39m Removing session 9fbdf81c-ddc2-43b6-bc96-b5042db382e9 from our master session list
[35m[UiAutomator2][39m Restoring hidden api policy to the device default configuration
